d:\software\code\regression\cpp04\cpp04\x64\debug\vc143.pdb
d:\software\code\regression\cpp04\cpp04\x64\debug\vc143.idb
d:\software\code\regression\cpp04\cpp04\x64\debug\test1.obj
d:\software\code\regression\cpp04\cpp04\x64\debug\date.obj
d:\software\code\regression\cpp04\cpp04\x64\debug\cpp04.ilk
d:\software\code\regression\cpp04\x64\debug\cpp04.pdb
d:\software\code\regression\cpp04\cpp04\x64\debug\cpp04.tlog\cl.command.1.tlog
d:\software\code\regression\cpp04\cpp04\x64\debug\cpp04.tlog\cl.items.tlog
d:\software\code\regression\cpp04\cpp04\x64\debug\cpp04.tlog\cl.read.1.tlog
d:\software\code\regression\cpp04\cpp04\x64\debug\cpp04.tlog\cl.write.1.tlog
d:\software\code\regression\cpp04\cpp04\x64\debug\cpp04.tlog\link.28884-cvtres.read.1.tlog
d:\software\code\regression\cpp04\cpp04\x64\debug\cpp04.tlog\link.28884-cvtres.write.1.tlog
d:\software\code\regression\cpp04\cpp04\x64\debug\cpp04.tlog\link.28884-rc.read.1.tlog
d:\software\code\regression\cpp04\cpp04\x64\debug\cpp04.tlog\link.28884-rc.write.1.tlog
d:\software\code\regression\cpp04\cpp04\x64\debug\cpp04.tlog\link.28884.read.1.tlog
d:\software\code\regression\cpp04\cpp04\x64\debug\cpp04.tlog\link.28884.read.2.tlog
d:\software\code\regression\cpp04\cpp04\x64\debug\cpp04.tlog\link.28884.read.3.tlog
d:\software\code\regression\cpp04\cpp04\x64\debug\cpp04.tlog\link.28884.read.4.tlog
d:\software\code\regression\cpp04\cpp04\x64\debug\cpp04.tlog\link.28884.write.1.tlog
d:\software\code\regression\cpp04\cpp04\x64\debug\cpp04.tlog\link.command.1.tlog
d:\software\code\regression\cpp04\cpp04\x64\debug\cpp04.tlog\link.read.1.tlog
d:\software\code\regression\cpp04\cpp04\x64\debug\cpp04.tlog\link.secondary.1.tlog
d:\software\code\regression\cpp04\cpp04\x64\debug\cpp04.tlog\link.write.1.tlog
